<?xml version="1.0" encoding="UTF-8"?>
<!-- Generated by org.testng.reporters.JUnitReportReporter -->
<testsuite hostname="DESKTOP-PN8BVIB" failures="0" tests="2" name="rahulshettyacademy.RESTAPITest" time="0.005" errors="0" timestamp="2022-01-15T16:17:37 IST" skipped="0">
  <testcase classname="rahulshettyacademy.RESTAPITest" name="loginRESTAPI" time="0.003"/>
  <system-out/>
  <testcase classname="rahulshettyacademy.RESTAPITest" name="logoutRESTAPI" time="0.002"/>
  <system-out/>
</testsuite> <!-- rahulshettyacademy.RESTAPITest -->
