<?xml version="1.0" encoding="UTF-8"?>
<!-- Generated by org.testng.reporters.JUnitReportReporter -->
<testsuite hostname="DESKTOP-PN8BVIB" failures="0" tests="2" name="rahulshettyacademy.AppiumTest" time="0.004" errors="0" timestamp="2022-01-15T16:17:37 IST" skipped="0">
  <testcase classname="rahulshettyacademy.AppiumTest" name="logoutAppium" time="0.002"/>
  <system-out/>
  <testcase classname="rahulshettyacademy.AppiumTest" name="loginAppium" time="0.002"/>
  <system-out/>
</testsuite> <!-- rahulshettyacademy.AppiumTest -->
