<?xml version="1.0" encoding="UTF-8"?>
<!-- Generated by org.testng.reporters.JUnitReportReporter -->
<testsuite hostname="DESKTOP-PN8BVIB" failures="0" tests="2" name="rahulshettyacademy.SeleniumTest" time="0.014" errors="0" timestamp="2022-01-15T16:17:37 IST" skipped="0">
  <testcase classname="rahulshettyacademy.SeleniumTest" name="logoutSelenium" time="0.001"/>
  <system-out/>
  <testcase classname="rahulshettyacademy.SeleniumTest" name="loginSelenium" time="0.013"/>
  <system-out/>
</testsuite> <!-- rahulshettyacademy.SeleniumTest -->
