<?xml version="1.0" encoding="UTF-8"?>
<!-- Generated by org.testng.reporters.JUnitReportReporter -->
<testsuite skipped="0" hostname="DESKTOP-PN8BVIB" name="rahulshettyacademy.SeleniumTest" tests="2" failures="0" timestamp="2022-08-22T00:47:06 IST" time="0.012" errors="0">
  <testcase name="loginSelenium" time="0.011" classname="rahulshettyacademy.SeleniumTest"/>
  <system-out/>
  <testcase name="logoutSelenium" time="0.001" classname="rahulshettyacademy.SeleniumTest"/>
  <system-out/>
</testsuite> <!-- rahulshettyacademy.SeleniumTest -->
