<?xml version="1.0" encoding="UTF-8"?>
<!-- Generated by org.testng.reporters.JUnitReportReporter -->
<testsuite skipped="0" hostname="DESKTOP-PN8BVIB" name="rahulshettyacademy.AppiumTest" tests="2" failures="0" timestamp="2022-08-22T00:46:27 IST" time="0.002" errors="0">
  <testcase name="logoutAppium" time="0.000" classname="rahulshettyacademy.AppiumTest"/>
  <system-out/>
  <testcase name="loginAppium" time="0.002" classname="rahulshettyacademy.AppiumTest"/>
  <system-out/>
</testsuite> <!-- rahulshettyacademy.AppiumTest -->
