<?xml version="1.0" encoding="UTF-8"?>
<!-- Generated by org.testng.reporters.JUnitReportReporter -->
<testsuite skipped="0" hostname="DESKTOP-PN8BVIB" name="rahulshettyacademy.RESTAPITest" tests="2" failures="0" timestamp="2022-08-22T00:47:06 IST" time="0.000" errors="0">
  <testcase name="logoutRESTAPI" time="0.000" classname="rahulshettyacademy.RESTAPITest"/>
  <system-out/>
  <testcase name="loginRESTAPI" time="0.000" classname="rahulshettyacademy.RESTAPITest"/>
  <system-out/>
</testsuite> <!-- rahulshettyacademy.RESTAPITest -->
